maze 1:
1
10 10
abc*.*..*.
,*d...*.*.
**ef...*..
.**g.....*
.*.h*..**.
.*.i..*.**
...j*...**
...kl**.*.
*..*m...**
.*..nopqrs
maze 2:
1
10 10
abc*..*...
,*d*...*..
*.e.*..*.*
.*f.*..*..
*.g..*....
*.h......*
**i**.**..
..j...****
..k...*rst
..lmnopq*u
maze 3:
1
10 8
abc....*
,*d..*..
**e*..*.
..f.....
..ghij*.
..*,*kl*
...*.*m.
*****.n.
..**.*o*
**.*.*pq
maze 4:
1
10 10
ab..*..*..
*c.*hijklm
ed*fg****n
f*,e*yxw*o
g*,d*z*v*p
h**cba*u*q
ijk***st*r
,*l.*qr*ts
,*mnop*.u*
,,*,,*..vw
maze 5:
10
10 10
abcdef**.*
*.*.*gh*..
..*..*i*..
.....*jk*.
**.***.l*.
..*...*mn.
..*...*.o*
..*....*pq
*.*..*...r
....*...*s
maze 6:
1
9 10
a*......*.
b.........
cde.......
**f...***.
..g.*..*..
..h...***.
*.i*..**.*
..jklmno..
*,,,*,*pqr
maze 7:
11
8 7
a.*....
b**..*.
cde*...
..fghij
...***k
*.**..l
....*.m
.....*n
maze 8:
1
9 6
ab.*..
*c...*
.de..*
.*f.**
.*g**.
*.h...
,.i.**
,*jkl*
,,,*mn
maze 9:
1
9 9
a.*.***..
bcd.*..*.
,*e.....*
,*f..***.
,*gh*..*.
,,*ijklm.
**.*,**n.
.**.**.op
.**.*..*q
maze 10:
1
7 7
a*..*.*
b......
cde***.
**fgh..
,*,*i..
,,,*jkl
,*,,**m
maze 11:
1
9 6
a..***
bcd**.
,*efg.
****h*
**..i*
nmlkj*
o*****
pqrst.
*,,*uv
maze 12:
11
6 6
a**.*.
b*...*
cdefgh
....*i
**..*j
*...*k
maze 13:
1
10 10
ab...*..**
*cd**...**
,*e.....**
,.f.......
,.g.**..**
,*h.*.**..
,*i*...*..
,.jklmn.*.
,*,,**opqr
,,,,,**,*s
maze 14:
1
9 8
a*...*.*
b.*.*...
cde.*.*.
**f**..*
..gh....
***i.*..
.*.j*...
...k.*.*
...lmnop
maze 15:
1
9 6
a.*..*
bcd...
,*e*..
*.f.**
..gh..
..*i*.
*.*j*.
.*.kl*
...*mn
maze 16:
1
6 7
a.....*
b...*..
c*.....
d.**...
efghijk
,**,**l
maze 17:
1
10 6
a.....
b.**..
cdef**
,**gh.
*..*i*
...*j*
....kl
*...*m
.....n
**...o
maze 18:
1
10 8
a.*..*..
b..*****
cd......
*e.*....
.fg*...*
.*h*....
..i*....
..jk....
*.*lmno*
...*,*pq
maze 19:
1
8 6
a*.*..
b....*
c*..**
d.....
e*...*
f*...*
g*..**
hijklm
maze 20:
1
6 7
a*efg*.
bcd*h..
,*,*i**
,,*.j*.
,*.*k.*
***.lmn
maze 21:
49
9 8
..*..*.*
.*..*.*.
.***....
...**..*
*....*..
.**..*.*
.*.**...
.*.....*
*.......
maze 22:
1
6 10
a**....*.*
bcdefgh...
,*****ij..
*.*.*.*k..
*.*..*.lmn
..*..**,*o
maze 23:
1
10 7
ab...*.
*c..**.
.d...*.
*e.....
.fg*..*
.*h*...
..ijk..
..**lmn
..*.**o
......p
maze 24:
1
7 9
ab....*..
*c*.*...*
.de..*...
**fghi...
*,,**jk*.
*,**.*l..
*,,*..mno
maze 25:
1
9 8
a.*.*.*.
b*...**.
c*.*...*
d.......
e*...*..
f..*....
ghi.....
**jk..*.
..*lmnop
maze 26:
1
6 7
a***...
bcd...*
,*e.**.
*.f...*
..ghijk
.**,,*l
maze 27:
1
6 7
ab*...*
*c**...
*d...**
.e..*..
.fghij.
**,,*kl
maze 28:
1
9 8
a*..*...
b.*.*.*.
c.....**
defg*.*.
,**h..*.
,*.i..*.
*..jk...
...*l...
.**.mnop
maze 29:
1
6 10
abcde...**
,,**f....*
*,,*g**..*
,,**hijkl*
****,,**mn
*,,,,,,,*o
maze 30:
1
6 6
ab*..*
*c.***
.d..**
.e....
*fg*..
.*hijk
maze 31:
16
9 8
abcdef*.
.....gh.
..*...i*
......j.
*...**k.
......l*
.....*mn
..*....o
*....*.p
maze 32:
11
9 9
abcde*...
...*fghij
..*.**..k
..**..*.l
.*.****.m
..*.*..*n
.**.*.*po
......*q*
.*....*rs
maze 33:
1
10 8
a**.*..*
bcd*....
,*e*.*..
*.f*.*..
*.ghij.*
.****k..
.*.*.lm.
..**.*n.
.*....o.
**..*.pq
maze 34:
1
9 6
abc...
**d...
..ef*.
..*gh.
...*i.
....j.
..*.k.
*...l.
..**mn
maze 35:
11
9 10
abcde*....
..*.fghij*
.**.**.*kl
....***..m
**.......n
..*......o
*.....***p
**.*.*.*.q
....*....r
maze 36:
1
7 10
a*efg*....
bcd*hijk*.
,*,,***lm.
*,,*...*no
,,*.....*p
***.*.*..q
...**..*.r
maze 37:
1
9 7
a..*..*
b***.*.
c.**...
defg.**
,,*h..*
**.i...
***j**.
...k.**
.**lmno
maze 38:
26
9 10
a...*..*..
b..**.....
c...**.*..
d.**.*.*..
e**.......
f***..*...
ghijklm...
..*.**n..*
....*.opqr
maze 39:
1
10 8
ab......
*cd*.*.*
.*e*.*.*
.*f*....
..g.*..*
..hijklm
..**,**n
.*..*..o
*.*.*..p
.*.*..*q
maze 40:
1
7 10
ab.*...*..
*c.....*..
*de*****..
.*fgh...**
*,,*ijkl.*
,***,,*m*.
,,,,,*.nop
maze 41:
1
8 9
a*....*.*
b*...*...
c.....*.*
d..**..**
efghi.*..
****j...*
.**.k..*.
.*..lmnop
maze 42:
1
10 7
a..*..*
bc*....
*d**.*.
.e.....
.f.....
.g***..
.hi.**.
.*jklm.
*.***n*
*....op
maze 43:
1
10 9
ab*....*.
*c....**.
*d.*....*
*efg*..**
*,*h....*
.*.i....*
..*jk....
..**lmno.
..*,,**pq
.*.***.*r
maze 44:
1
10 8
abc.*..*
**d..*..
*.e**..*
..f*....
*.g.*..*
..h.....
**ijkl..
.*,,*mno
*.*,,**p
.**,*.*q
maze 45:
1
7 6
a..*.*
b.....
cdef*.
,,*g.*
,*.h*.
*..i..
...jkl
maze 46:
1
6 9
a*..*....
bcde.....
***fghij*
..***,*k*
..*.***l.
.*..*.*mn
maze 47:
1
6 6
a.....
b*.*..
c**...
d..*..
efg.*.
,*hijk
maze 48:
1
6 10
a.........
bcd****.**
**e.*...*.
.gf,,****.
.h***.opq.
*ijklmn*rs
maze 49:
1
6 8
a...**.*
b*.....*
c.**.***
de*..*.*
*f*.****
.ghijklm
maze 50:
1
10 10
a*.*..*.**
b..*....*.
c**....*..
d.*.......
e.*...*.**
fgh..***.*
,*ijklmn*.
*,**,**o.*
,,,,,,*pq.
,,,,****rs
maze 51:
1
8 8
a**...**
bc...*..
*d.**.*.
.e....*.
.f..*.*.
.g.*...*
.h......
*ijklmno
maze 52:
10
6 9
ab*.*....
.cdef*..*
..*.gh*.*
....*ijkl
**.*...*m
.....**.n
maze 53:
1
9 6
abcd..
***e**
**.f.,
*ihg,,
*j*,,,
*k*,*,
ml**.*
n**...
opqrst
maze 54:
1
8 6
a*....
bc.*..
*d...*
*e.*..
.f...*
.ghij*
,,**kl
,,*.*m
maze 55:
1
8 10
abcd**....
,,*efg**.*
,,*,*h..*.
**.*.i....
*.*..j.*.*
..*..kl...
.*...*mnop
.*..*,,,*q
maze 56:
1
9 10
a..*...***
bc*.*...*.
*d*.......
.e*ijklm*.
*fgh*,*n*.
,,,*.*.op*
*,,***.*q.
,*,*..*.r.
,,,,***.st
maze 57:
1
7 8
ab..*...
*c...*..
.d*...*.
.e.*....
*fghij..
*,*,*kl.
**,,**mn
maze 58:
1
7 8
a*....*.
b**..*..
c**..**.
defg...*
,**hi*..
,*.*j***
,,*.klmn
maze 59:
1
10 6
a.*.*.
b..**.
c...*.
d..*..
ef..**
*ghijk
.*,**l
.**..m
*....n
*.*..o
maze 60:
1
6 10
a.*....*.*
b*..*..*.*
cdefg..*..
,,**h.....
*,,*i..*.*
,,*.jklmno
maze 61:
1
9 9
a...*.*..
bcdef*...
*,,*g....
.***h....
.*..i**.*
*,*.j*.*.
,,,.klmn.
,,*,,,*o.
,,,,*,*pq
maze 62:
10
8 9
abc**...*
.*def**..
....ghi*.
......jk*
**.*...lm
.....**.n
....****o
**..*...p
maze 63:
10
10 9
a**fghi*.
bcde*.jk*
.*.*...lm
..*.....n
.....*.*o
.......*p
*...*.**q
..*.**.*r
.**..***s
.*.*.*..t
maze 64:
1
8 8
a.****..
b.....*.
c....*..
de*..*..
*f*..*..
*g....**
.hi.*.*.
.*jklmno
maze 65:
1
9 10
a*.......*
bcd.*.****
,*e*..*...
**fg.***..
*.*h****.*
*..ij..*..
...*k.*..*
***.lm...*
.*..*nopqr
maze 66:
16
7 7
ab***.*
.cdefg*
*...*hi
*..*..j
*.**..k
.***..l
**..*.m
maze 67:
1
6 6
a..*.*
b*...*
c..*.*
d*..*.
e..***
fghijk
maze 68:
1
9 9
a.......*
bcdef...*
,,**g..*.
**,.h..*.
,,,*i....
,,,*jklmn
,,,,,,**o
,,,,,,**p
,,,,,*..q
maze 69:
11
7 7
a*....*
bcdefg.
.**.*h.
.**..i*
....*j.
*..**k*
...**lm
maze 70:
12
8 10
ab*.......
*c*..*..*.
ed**...*..
f..*....*.
g**.......
hijklmno*.
...*...pqr
..*..***.s
maze 71:
1
6 7
a***.*.
bc.*.**
*d...*.
.e..**.
*fghi..
,,,*jkl
maze 72:
13
7 9
abcdefgh.
.***.**i*
.*...*.jk
**.....*l
**.....*m
.*....*.n
.*...*..o
maze 73:
25
9 8
abcde*.*
....fg..
....*h.*
**.*ji.*
.*.*k.**
***ml**.
*.*n**.*
.*.o*stu
.*.pqr*v
maze 74:
1
9 10
a.*...**..
b..*.....*
c....*..**
d....*....
e.*.*..**.
fghij.*...
*,,*klmno.
.*,*,,**pq
*,,,**..*r
maze 75:
1
7 10
ab.**..*.*
*c*......*
.d.*...*..
.e.*..*.**
.fghij.*..
,,*,*kl..*
******mnop
maze 76:
1
9 8
abc...*.
**d..*..
*.ef.*..
.**g....
...hi*..
.*.*j*..
...*k*.*
..*.lmno
...*,,*p
maze 77:
1
10 9
abcd**...
***e*.*..
.**f..*..
.**ghi*..
*,,,*j*..
,*,*.k..*
,,,,*lmn*
,,,,*,*o.
,,,***.p.
,**...*qr
maze 78:
49
10 10
...**.....
*.*..*..**
..**....**
....*....*
*****.....
..*..*....
*.........
..*..***..
.**..**...
**.*......
maze 79:
1
6 8
a*.**..*
bcdef.*.
*,,*g*..
,,*.hi..
***.*j**
.....klm
maze 80:
1
7 6
a***.*
b.....
cdefg*
,*,*h.
*.*.i.
....jk
....*l
maze 81:
1
8 8
ab...*.*
*c.*....
*d.*....
.e*..**.
.fghij..
,,*,*klm
**,,***n
,,,*...o
maze 82:
1
7 8
ab.*.*..
*cdef..*
.***g.**
.**ih*..
...j*..*
...klmno
...**,*p
maze 83:
1
7 8
a....**.
b*..*...
c...*...
d.**....
e.**....
f.*klm.*
ghij*nop
maze 84:
13
7 9
abcdefgh*
.*....*i*
*.**...jk
*....*.*l
...*.*.*m
*.......n
.*.....*o
maze 85:
1
6 10
a*.**..**.
bc...*.**.
*d*...**..
.efgh*...*
,,**ijkl**
,,*.*,*mno
maze 86:
10
6 8
a.*.*...
b**..**.
cdefghij
...***.k
..*.***l
**....*m
maze 87:
1
7 8
a*......
b**...*.
c.*..*..
d*....**
ef....**
*ghijkl*
.*,***mn
maze 88:
1
6 6
a..**.
b..**.
cd*...
*efgh.
,,,*ij
,*,,*k
maze 89:
1
6 10
a...**....
b.*****...
c**..*.*..
de.*.klm..
*fghij*n.*
*,,*,*.opq
maze 90:
16
6 9
ab*....**
.cdefghij
....***.k
........l
........m
..*...*.n
maze 91:
10
6 6
ab*...
.cd***
..efg*
...*hi
...*.j
.***.k
maze 92:
25
7 7
a.*hij.
b*fg*k.
cde.*l.
.*..*m*
.*.*.no
....**p
....*.q
maze 93:
1
6 10
a.*..***..
bc..**....
*def..**.*
,**g.*.*..
,*.hij...*
,,,,*klmno
maze 94:
1
10 9
a....*...
bcde.*...
,,*f**.*.
,*.g.*...
*..h**..*
**.i.....
*..jk.*..
...*l.*..
**..m.***
.*..nopqr
maze 95:
1
10 10
a*.....***
b..*..**..
c.*.......
d.....*...
e.....**..
fgh.*.....
,*ijklm***
,,*,**n*..
*,,*..o...
.*,***pqrs
maze 96:
13
8 8
ab*.....
.c*.*...
*defgh..
....*i..
.....j**
..*..klm
....*.*n
**..*..o
maze 97:
1
10 10
a.**....*.
b..*.*..*.
c*.......*
d.........
e...***.**
f.***...*.
g...*.**..
h.*....*..
ijkl**..*.
,**mnopqrs
maze 98:
1
6 9
a......*.
bcd......
**e**...*
..f...*..
.*ghijk*.
..*,,*lmn
maze 99:
1
8 10
a.*.**.*.*
bc*ghi.**.
*def*j*..*
.**,*klm*.
.**,,**n.*
**,,,**op.
*,,,,,,*q.
,,**,,**rs
maze 100:
1
6 10
a....*....
b...**..**
cd**....**
*e*.jkl**.
.fghi*mnop
.*,**,,,*q
maze 101:
1
10 8
ab.*....
*c..**..
*de*.*.*
**fg....
*.*h..**
..*i...*
**.jklm*
**,,**n*
*.**..op
*.....*q
maze 102:
1
10 10
ab*.*.....
*c...*....
*de*.**...
**f..*..*.
.hg,*...*.
.i**.*..*.
*j......*.
.k..*..*.*
*lmnop..*.
.*,**qrstu
maze 103:
10
8 9
abcdefghi
.*******j
.*...nmlk
.*.**o...
.*..*p*..
..*.*q***
*...*rstu
..**....v
maze 104:
26
9 8
a*...*..
b..*....
cdefg.*.
**.*h.*.
...*i.*.
.***j**.
...*k...
**.*l**.
*...mnop
maze 105:
12
9 8
a*...*..
bcd*...*
.*efg*..
.*.*h*.*
...*ijk.
.*.*.*l*
...*..mn
*.*..**o
*...*..p
maze 106:
3
9 8
a.*.klmn
b.*.j.*o
c.**i.*p
defgh.*q
.****.*r
*...*.*s
*.*...*t
...****u
.*.....v
maze 107:
13
10 10
abc*......
.*d*.****.
..efg*....
.*.*hi.***
..*.*j*...
*.*..klm*.
..*.*.*n..
.*..*..o**
.*.*..*pqr
...*....*s
maze 108:
11
10 10
a*........
b*.....mno
cd*****l*p
.efghijk*q
........*r
........*s
........*t
........*u
........*v
........*w
maze 109:
1
10 10
abc.,,,,,,
**de.,,,,,
..*f.,,,,,
..*g.,,,,,
..*h.,,,,,
..*i.,,,,,
..*j.,,,,,
.mlk,,,,,,
.n********
.opqrstuvw
maze 110:
1
10 10
abcdefghij
*********k
......onml
......p*,,
......q*,,
......r*,,
......s*,,
......t*,,
......u.**
......vwxy
maze 111:
11
10 10
a*........
b*........
c*........
d*........
e*........
f*........
g*mnopqrst
h*l*****.u
ijk.....*v
........*w
maze 112:
10
10 10
abcdefghij
*********k
utsrqponml
v*********
wxyzabcdef
........*g
........*h
........*i
........*j
........*k
maze 113:
1
10 10
a*uvw.....
b*t*x.....
c*s*y.....
d*r*z.....
e*q*a.....
f*p*b.....
g*o*c.....
h*n*d.....
i*m*e*****
jkl*fghijk
maze 114:
1
10 10
abcdefghij
*********k
utsrqponml
v*********
wxyzabcdef
,********g
,,,,,,,,*h
,,,,,,,,*i
,,,,,,,,*j
,,,,,,,,*k
maze 115:
1
10 10
abcdef*zab
*****g*y*c
....*h*x*d
....*i*w*e
....*j*v*f
....*k*u*g
....*l*t*h
....*m*s*i
....*n*r*j
.....opq*k
maze 116:
1
10 10
abcdef*zab
*****g*y*c
.....h*x*d
.....i*w*e
.....j*v*f
.....k*u*g
.....l*t*h
.....m*s*i
.....n*r*j
.....opq*k
maze 117:
1
10 10
a*uvw.....
b*t*x*....
c*s*y*....
d*r*z*....
e*q*a*....
f*p*b*....
g*o*c*....
h*n*d*....
i*m*e*****
jkl*fghijk
maze 118:
3
10 10
abcdefghij
*********k
utsrqponml
v*********
w*ijklmnop
x*h******q
y*g.....*r
z*f.....*s
a*e.....*t
bcd.....*u
maze 119:
1
10 10
abcdef*jkl
*****g*i*m
....*h*h*n
....*i*g*o
....*j*f*p
....*k*e*q
....*l*d*r
rqponm*c*s
s******b*t
tuvwxyza*u
maze 120:
1
10 10
abcdefghij
,********k
,,,,,,,,*l
,,,,,,,,*m
,,,,,,,,*n
,,,,,,,,*o
,,,,,,,,*p
,,,,,,,,*q
,,,,,,,,*r
,,,,,,,,*s
maze 121:
11
10 10
abcdefghij
*********k
utsrqponml
v*********
w*........
x*........
y*efghijkl
z*d*****.m
abc.....*n
........*o
maze 122:
1
10 10
abcdefghij
*********k
utsrqponml
v*********
wxyzabcdef
*********g
qponmlkjih
r*********
s*wxy*cde*
tuv*zab*fg
maze 123:
1
8 10
a*qrs*ijkl
b*p*t*h**m
c*o*u*g*on
d*n*v*f*p*
e*m*w*e*qr
f*l*x*d**s
g*k*y*c*.t
hij*zab*.u
maze 124:
25
10 10
abcdefghij
*********k
utsrqponml
v*********
w*........
x.........
y*...*****
z****ghijk
abcdef.*.l
.......*.m
maze 125:
1
10 10
abcdefghij
*********k
........*l
.........m
........*n
*********o
......srqp
......t*,,
......u***
......vwxy
maze 126:
1
5 10
a..*******
b*.**.....
cdef......
***g......
...hijklmn
maze 127:
49
10 10
..........
........*.
.......*..
......*...
.....*....
....*.....
...*......
..*.......
.*.......*
*.......*.
maze 128:
1
10 10
a.........
b*........
c*........
d*........
e*........
f*........
g*........
h*........
i*.*******
jklmnopqrs
maze 129:
1
10 10
a.........
b*........
c*........
d*........
e*........
f*........
g*........
h*........
i*********
jklmnopqrs
maze 130:
1
10 10
a.........
b*........
c*........
d*........
e*........
f*........
g*........
h*........
i****.****
jklmnopqrs
maze 131:
49
10 10
........*.
........*.
........*.
........*.
........*.
........*.
........*.
........*.
........*.
........*.
maze 132:
49
10 10
..........
..........
..........
..........
..........
..........
..........
..........
.........*
........*.
maze 133:
1
10 10
abcdefghij
*********k
utsrqponml
v*********
wxyzabcdef
*********g
......kjih
......l*,,
......m.**
......nopq
maze 134:
1
10 10
a*uvw*....
b*t*x*....
c*s*y*....
d*r*z*....
e*q*a*....
f*p*b*....
g*o*c*klm.
h*n*d*j*no
i*m*e*i,*p
jkl*fgh,*q
maze 135:
1
10 10
abc.,,,,,,
**de.,,,,,
..*f.,,,,,
.ihg,,,,,,
.j********
.klmnopqrs
*********t
dcbazyxwvu
e*********
fghijklmno
maze 136:
1
10 10
abc.,,,,,,
**de.,,,,,
..*f.,,,,,
jihg,,,,,,
k*********
lmnopqrstu
*********v
fedcbazyxw
g*********
hijklmnopq
maze 137:
10
10 10
a*.jkl*fgh
b*.i*m*e*i
cd*h*n*d*j
.efg*o*c*k
....*p*b*l
....*q*a*m
....*r*z*n
....*s*y*o
....*t*x*p
....*uvw*q
maze 138:
26
10 10
a*uvw*....
b*t*x*pqrs
c*s*y*o**t
d*r*z*n.*u
e*q*a*m.*v
f*p*b*l.*w
g*o*c*k.*x
h*n*d*j.*y
i*m*e*i.*z
jkl*fgh.*a
maze 139:
10
10 10
abcdefghi.
*.....*.j.
.*****..k*
.......*lm
****.****n
.......*po
.******rq*
..*****s*.
....*..tuv
..*....*.w
maze 140:
1
10 10
a.........
b********.
c*........
d......***
efghi*****
,***jklmn.
*xwv****o.
.y*utsrqp,
.za*******
.*bcdefghi
maze 141:
11
10 10
a*.....*..
b*.ghij*..
cdef*.klmn
****....*o
........*p
........*q
........*r
........*s
........*t
........*u
maze 142:
1
10 10
a*.....*..
b*.ghi.*..
cdef*j*jkl
****.k*i*m
.....l*h*n
.....m*g*o
.....n*f*p
tsrqpo*e*q
u******d*r
vwxyzabc*s
maze 143:
1
10 10
abcdefghij
,********k
,,,,,,,,*l
,,,,,,,,*m
,,,,,,,,*n
,,,,,,,,*o
,,,,,,,,*p
,,,,,,,,*q
,,,,,,,,*r
,,,,,,,,*s
maze 144:
10
10 10
abcdefghij
........*k
........*l
........*m
........*n
........*o
........*p
........*q
........*r
........*s
maze 145:
10
9 10
abcdefghij
........*k
........*l
........*m
........*n
........*o
........*p
........*q
........*r
maze 146:
10
10 9
abcdefghi
.......*j
.......*k
.......*l
.......*m
.......*n
.......*o
.......*p
.......*q
.......*r
maze 147:
10
9 9
abcdefghi
.......*j
.......*k
.......*l
.......*m
.......*n
.......*o
.......*p
.......*q
maze 148:
1
10 10
abcdefghij
****,****k
,,,,,,,,*l
,,,,,,,,*m
,,,,,,,,*n
,,,,,,,,*o
,,,,,,,,*p
,,,,,,,,*q
,,,,,,,,*r
,,,,,,,,*s
maze 149:
16
10 10
a*...*...*
bc..*..**.
*d*....*..
.ef*...*.*
..g*.**.*.
..h*******
*.ijkl*...
....*mnop.
*.*..*..q*
*...*..*rs
maze 150:
1
9 6
abc...
,*d...
*.e.**
.gf*..
.h*...
.ijkl*
*,,*m*
.*,*n.
**,*op

1:104 | 2:0 | 3:2 | 4:0 | 5:0 | 6:0 | 7:0 | 8:0 | 9:0 | 10:14 | 11:9 | 12:2 | 13:4 | 14:0 | 15:0 | 16:4 | 17:0 | 18:0 | 19:0 | 20:0 | 21:0 | 22:0 | 23:0 | 24:0 | 25:3 | 26:3 | 27:0 | 28:0 | 29:0 | 30:0 | 31:0 | 32:0 | 